<?xml version="1.0" encoding="UTF-8"?>
<!-- Generated by org.testng.reporters.JUnitReportReporter -->
<testsuite hostname="DESKTOP-N2M8SA0" failures="0" tests="1" name="testCases.TC002_LoginTest" time="2.198" errors="0" timestamp="2025-03-21T14:17:00 IST" skipped="0">
  <testcase classname="testCases.TC002_LoginTest" name="verify_login" time="2.198"/>
  <system-out/>
</testsuite> <!-- testCases.TC002_LoginTest -->
